go version go1.21.9 darwin/arm64
mkdir -p ./build/_output/bin || true
CGO_ENABLED=0 GOARCH=arm64  GOOS=linux \
		go build  ./...
rm -f /tmp/toolchain_e2e_already_paired 2>/dev/null || true
rm -rf /tmp/crt-e2e-image-names 2>/dev/null || true
Preparing namespace for host operator toolchain-host-27181937...
/Library/Developer/CommandLineTools/usr/bin/make create-project PROJECT_NAME=toolchain-host-27181937
Already on project "toolchain-host-27181937" on server "https://api.vvush-28der-u7a.mdjp.p3.openshiftapps.com:443".
adding network policies in toolchain-host-27181937 namespace
networkpolicy.networking.k8s.io/allow-all-ingress created
oc label ns --overwrite=true toolchain-host-27181937 app=host-operator
namespace/toolchain-host-27181937 labeled
Preparing namespace for member operator: toolchain-member-27181937...
/Library/Developer/CommandLineTools/usr/bin/make create-project PROJECT_NAME=toolchain-member-27181937
Already on project "toolchain-member-27181937" on server "https://api.vvush-28der-u7a.mdjp.p3.openshiftapps.com:443".
adding network policies in toolchain-member-27181937 namespace
networkpolicy.networking.k8s.io/allow-all-ingress created
oc label ns --overwrite=true toolchain-member-27181937 app=member-operator
namespace/toolchain-member-27181937 labeled
oc apply -f deploy/member-operator/e2e-tests/ -n toolchain-member-27181937 || true
secret/member-operator-secret created
Preparing namespace for second member operator: toolchain-member2-27181937...
/Library/Developer/CommandLineTools/usr/bin/make create-project PROJECT_NAME=toolchain-member2-27181937
Already on project "toolchain-member2-27181937" on server "https://api.vvush-28der-u7a.mdjp.p3.openshiftapps.com:443".
adding network policies in toolchain-member2-27181937 namespace
networkpolicy.networking.k8s.io/allow-all-ingress created
oc label ns --overwrite=true toolchain-member2-27181937 app=member-operator
namespace/toolchain-member2-27181937 labeled
oc apply -f deploy/member-operator/e2e-tests/ -n toolchain-member2-27181937 || true
secret/member-operator-secret created
oc create -f deploy/crds/ || true
/Library/Developer/CommandLineTools/usr/bin/make get-publish-install-and-register-operators MEMBER_NS=toolchain-member-27181937 MEMBER_NS_2=toolchain-member2-27181937 HOST_NS=toolchain-host-27181937 REGISTRATION_SERVICE_NS=toolchain-host-27181937 ENVIRONMENT=e2e-tests INSTALL_OPERATOR=true DEPLOY_LATEST=true LETS_ENCRYPT_PARAM=
/Library/Developer/CommandLineTools/usr/bin/make run-cicd-script SCRIPT_PATH=scripts/ci/manage-host-operator.sh SCRIPT_PARAMS="-po true -io true -hn toolchain-host-27181937  -ds 27181952 -qn rsoaresd -dl true  "
running script from GH toolchain-cicd repo (using latest version in master)...
curl -sSL https://raw.githubusercontent.com/codeready-toolchain/toolchain-cicd/master/scripts/ci/manage-host-operator.sh > /tmp/manage-host-operator.sh && chmod +x /tmp/manage-host-operator.sh && OWNER_AND_BRANCH_LOCATION=codeready-toolchain/toolchain-cicd/master /tmp/manage-host-operator.sh -po true -io true -hn toolchain-host-27181937  -ds 27181952 -qn rsoaresd -dl true  
objects to be created in order to create CatalogSource
catalogsource.operators.coreos.com/source-toolchain-host-operator-latest created
Waiting until the CatalogSource source-toolchain-host-operator-latest in the namespace toolchain-host-27181937 gets ready
0. attempt (out of 100) of waiting for the CatalogSource source-toolchain-host-operator-latest in the namespace toolchain-host-27181937 to be ready.
1. attempt (out of 100) of waiting for the CatalogSource source-toolchain-host-operator-latest in the namespace toolchain-host-27181937 to be ready.
2. attempt (out of 100) of waiting for the CatalogSource source-toolchain-host-operator-latest in the namespace toolchain-host-27181937 to be ready.
3. attempt (out of 100) of waiting for the CatalogSource source-toolchain-host-operator-latest in the namespace toolchain-host-27181937 to be ready.
4. attempt (out of 100) of waiting for the CatalogSource source-toolchain-host-operator-latest in the namespace toolchain-host-27181937 to be ready.
5. attempt (out of 100) of waiting for the CatalogSource source-toolchain-host-operator-latest in the namespace toolchain-host-27181937 to be ready.
6. attempt (out of 100) of waiting for the CatalogSource source-toolchain-host-operator-latest in the namespace toolchain-host-27181937 to be ready.
7. attempt (out of 100) of waiting for the CatalogSource source-toolchain-host-operator-latest in the namespace toolchain-host-27181937 to be ready.
8. attempt (out of 100) of waiting for the CatalogSource source-toolchain-host-operator-latest in the namespace toolchain-host-27181937 to be ready.
The CatalogSource source-toolchain-host-operator-latest in the namespace toolchain-host-27181937 is ready - installing the operator
objects to be created in order to install operator
operatorgroup.operators.coreos.com/og-toolchain-host-operator created
subscription.operators.coreos.com/subscription-toolchain-host-operator-latest created
Waiting for CRD toolchainconfigs.toolchain.dev.openshift.com to be available in the cluster...
0. attempt (out of 100) of waiting for CRD toolchainconfigs.toolchain.dev.openshift.com to be available in the cluster and the InstallPlan to be complete
1. attempt (out of 100) of waiting for CRD toolchainconfigs.toolchain.dev.openshift.com to be available in the cluster and the InstallPlan to be complete
2. attempt (out of 100) of waiting for CRD toolchainconfigs.toolchain.dev.openshift.com to be available in the cluster and the InstallPlan to be complete
3. attempt (out of 100) of waiting for CRD toolchainconfigs.toolchain.dev.openshift.com to be available in the cluster and the InstallPlan to be complete
4. attempt (out of 100) of waiting for CRD toolchainconfigs.toolchain.dev.openshift.com to be available in the cluster and the InstallPlan to be complete
5. attempt (out of 100) of waiting for CRD toolchainconfigs.toolchain.dev.openshift.com to be available in the cluster and the InstallPlan to be complete
6. attempt (out of 100) of waiting for CRD toolchainconfigs.toolchain.dev.openshift.com to be available in the cluster and the InstallPlan to be complete
7. attempt (out of 100) of waiting for CRD toolchainconfigs.toolchain.dev.openshift.com to be available in the cluster and the InstallPlan to be complete
8. attempt (out of 100) of waiting for CRD toolchainconfigs.toolchain.dev.openshift.com to be available in the cluster and the InstallPlan to be complete
9. attempt (out of 100) of waiting for CRD toolchainconfigs.toolchain.dev.openshift.com to be available in the cluster and the InstallPlan to be complete
10. attempt (out of 100) of waiting for CRD toolchainconfigs.toolchain.dev.openshift.com to be available in the cluster and the InstallPlan to be complete
/Library/Developer/CommandLineTools/usr/bin/make run-cicd-script SCRIPT_PATH=scripts/add-cluster.sh  SCRIPT_PARAMS="-t member -mn toolchain-member-27181937 -hn toolchain-host-27181937 "
running script from GH toolchain-cicd repo (using latest version in master)...
curl -sSL https://raw.githubusercontent.com/codeready-toolchain/toolchain-cicd/master/scripts/add-cluster.sh > /tmp/add-cluster.sh && chmod +x /tmp/add-cluster.sh && OWNER_AND_BRANCH_LOCATION=codeready-toolchain/toolchain-cicd/master /tmp/add-cluster.sh -t member -mn toolchain-member-27181937 -hn toolchain-host-27181937 
toolchain-member-27181937
toolchain-host-27181937
serviceaccount/toolchaincluster-member created
role.rbac.authorization.k8s.io/toolchaincluster-member created
clusterrole.rbac.authorization.k8s.io/toolchaincluster-member-toolchain-member-27181937-toolchaincluster created
clusterrolebinding.rbac.authorization.k8s.io/toolchaincluster-member-toolchain-member-27181937-toolchaincluster created
rolebinding.rbac.authorization.k8s.io/toolchaincluster-member created
Getting member SA token
SA token retrieved
Using standard OpenShift certificate
Fetching information about the clusters
API endpoint retrieved: https://api.vvush-28der-u7a.mdjp.p3.openshiftapps.com:443
Joining cluster name: vvush-28der-u7a.mdjp.p3.openshiftapps.com
API endpoint of the cluster it is joining to: https://api.vvush-28der-u7a.mdjp.p3.openshiftapps.com:443
The cluster name it is joining to: vvush-28der-u7a.mdjp.p3.openshiftapps.com
Creating member secret
secret/toolchaincluster-member-vvush-28der-u7a.mdjp.p3.openshiftapps.com created
Creating ToolchainCluster representation of member in host:
toolchaincluster.toolchain.dev.openshift.com/member-vvush-28der-u7a.mdjp.p3.openshiftapps.com created
if [[ true == true ]]; then /Library/Developer/CommandLineTools/usr/bin/make run-cicd-script SCRIPT_PATH=scripts/add-cluster.sh  SCRIPT_PARAMS="-t member -mn toolchain-member2-27181937 -hn toolchain-host-27181937 -mm 2 "; fi
running script from GH toolchain-cicd repo (using latest version in master)...
curl -sSL https://raw.githubusercontent.com/codeready-toolchain/toolchain-cicd/master/scripts/add-cluster.sh > /tmp/add-cluster.sh && chmod +x /tmp/add-cluster.sh && OWNER_AND_BRANCH_LOCATION=codeready-toolchain/toolchain-cicd/master /tmp/add-cluster.sh -t member -mn toolchain-member2-27181937 -hn toolchain-host-27181937 -mm 2 
toolchain-member2-27181937
toolchain-host-27181937
serviceaccount/toolchaincluster-member2 created
role.rbac.authorization.k8s.io/toolchaincluster-member2 created
clusterrole.rbac.authorization.k8s.io/toolchaincluster-member2-toolchain-member2-27181937-toolchaincluster created
clusterrolebinding.rbac.authorization.k8s.io/toolchaincluster-member2-toolchain-member2-27181937-toolchaincluster created
rolebinding.rbac.authorization.k8s.io/toolchaincluster-member2 created
Getting member SA token
SA token retrieved
Using standard OpenShift certificate
Fetching information about the clusters
API endpoint retrieved: https://api.vvush-28der-u7a.mdjp.p3.openshiftapps.com:443
Joining cluster name: vvush-28der-u7a.mdjp.p3.openshiftapps.com
API endpoint of the cluster it is joining to: https://api.vvush-28der-u7a.mdjp.p3.openshiftapps.com:443
The cluster name it is joining to: vvush-28der-u7a.mdjp.p3.openshiftapps.com
Creating member secret
